<?xml version="1.0" encoding="UTF-8"?>
<testng-results ignored="0" total="1" passed="1" failed="0" skipped="0">
  <reporter-output>
    <line>
      <![CDATA[Home page is displayed]]>
    </line>
  </reporter-output>
  <suite started-at="2024-10-10T16:14:39 BST" name="Default suite" finished-at="2024-10-10T16:14:48 BST" duration-ms="8496">
    <groups>
    </groups>
    <test started-at="2024-10-10T16:14:39 BST" name="Default test" finished-at="2024-10-10T16:14:48 BST" duration-ms="8496">
      <class name="script.ValidLogin">
        <test-method is-config="true" signature="preCondition(java.lang.String,java.lang.String,java.lang.String,java.lang.String)[pri:0, instance:script.ValidLogin@31304f14]" started-at="2024-10-10T16:14:39 BST" name="preCondition" finished-at="2024-10-10T16:14:46 BST" duration-ms="6723" status="PASS">
          <params>
            <param index="0">
              <value>
                <![CDATA[https://online.actitime.com/abc/login.do]]>
              </value>
            </param>
            <param index="1">
              <value>
                <![CDATA[edge]]>
              </value>
            </param>
            <param index="2">
              <value>
                <![CDATA[9]]>
              </value>
            </param>
            <param index="3">
              <value>
                <![CDATA[10]]>
              </value>
            </param>
          </params>
          <reporter-output>
          </reporter-output>
        </test-method> <!-- preCondition -->
        <test-method signature="testValidLogin()[pri:1, instance:script.ValidLogin@31304f14]" started-at="2024-10-10T16:14:46 BST" name="testValidLogin" finished-at="2024-10-10T16:14:48 BST" duration-ms="1729" status="PASS">
          <reporter-output>
            <line>
              <![CDATA[Home page is displayed]]>
            </line>
          </reporter-output>
        </test-method> <!-- testValidLogin -->
        <test-method is-config="true" signature="postCondition()[pri:0, instance:script.ValidLogin@31304f14]" started-at="2024-10-10T16:14:48 BST" name="postCondition" finished-at="2024-10-10T16:14:48 BST" duration-ms="1" status="PASS">
          <reporter-output>
          </reporter-output>
        </test-method> <!-- postCondition -->
      </class> <!-- script.ValidLogin -->
    </test> <!-- Default test -->
  </suite> <!-- Default suite -->
</testng-results>
