<?xml version="1.0" encoding="UTF-8"?>
<testng-results ignored="0" total="2" passed="2" failed="0" skipped="0">
  <reporter-output>
    <line>
      <![CDATA[Error message is displayed]]>
    </line>
    <line>
      <![CDATA[Home page is displayed]]>
    </line>
  </reporter-output>
  <suite started-at="2024-10-10T20:24:14 BST" name="Suite" finished-at="2024-10-10T20:24:29 BST" duration-ms="15612">
    <groups>
    </groups>
    <test started-at="2024-10-10T20:24:14 BST" name="Test" finished-at="2024-10-10T20:24:29 BST" duration-ms="15612">
      <class name="script.InvalidLogin">
        <test-method is-config="true" signature="preCondition(java.lang.String,java.lang.String,java.lang.String,java.lang.String)[pri:0, instance:script.InvalidLogin@765d7657]" started-at="2024-10-10T20:24:14 BST" name="preCondition" finished-at="2024-10-10T20:24:20 BST" duration-ms="6325" status="PASS">
          <params>
            <param index="0">
              <value>
                <![CDATA[https://online.actitime.com/abc/login.do]]>
              </value>
            </param>
            <param index="1">
              <value>
                <![CDATA[chrome]]>
              </value>
            </param>
            <param index="2">
              <value>
                <![CDATA[10]]>
              </value>
            </param>
            <param index="3">
              <value>
                <![CDATA[9]]>
              </value>
            </param>
          </params>
          <reporter-output>
          </reporter-output>
        </test-method> <!-- preCondition -->
        <test-method signature="testInvalidLogin()[pri:2, instance:script.InvalidLogin@765d7657]" started-at="2024-10-10T20:24:20 BST" name="testInvalidLogin" finished-at="2024-10-10T20:24:22 BST" duration-ms="1267" status="PASS">
          <reporter-output>
            <line>
              <![CDATA[Error message is displayed]]>
            </line>
          </reporter-output>
        </test-method> <!-- testInvalidLogin -->
        <test-method is-config="true" signature="postCondition()[pri:0, instance:script.InvalidLogin@765d7657]" started-at="2024-10-10T20:24:22 BST" name="postCondition" finished-at="2024-10-10T20:24:22 BST" duration-ms="0" status="PASS">
          <reporter-output>
          </reporter-output>
        </test-method> <!-- postCondition -->
      </class> <!-- script.InvalidLogin -->
      <class name="script.ValidLogin">
        <test-method is-config="true" signature="preCondition(java.lang.String,java.lang.String,java.lang.String,java.lang.String)[pri:0, instance:script.ValidLogin@3eb25e1a]" started-at="2024-10-10T20:24:22 BST" name="preCondition" finished-at="2024-10-10T20:24:28 BST" duration-ms="6298" status="PASS">
          <params>
            <param index="0">
              <value>
                <![CDATA[https://online.actitime.com/abc/login.do]]>
              </value>
            </param>
            <param index="1">
              <value>
                <![CDATA[chrome]]>
              </value>
            </param>
            <param index="2">
              <value>
                <![CDATA[10]]>
              </value>
            </param>
            <param index="3">
              <value>
                <![CDATA[9]]>
              </value>
            </param>
          </params>
          <reporter-output>
          </reporter-output>
        </test-method> <!-- preCondition -->
        <test-method signature="testValidLogin()[pri:1, instance:script.ValidLogin@3eb25e1a]" started-at="2024-10-10T20:24:28 BST" name="testValidLogin" finished-at="2024-10-10T20:24:29 BST" duration-ms="1688" status="PASS">
          <reporter-output>
            <line>
              <![CDATA[Home page is displayed]]>
            </line>
          </reporter-output>
        </test-method> <!-- testValidLogin -->
        <test-method is-config="true" signature="postCondition()[pri:0, instance:script.ValidLogin@3eb25e1a]" started-at="2024-10-10T20:24:29 BST" name="postCondition" finished-at="2024-10-10T20:24:29 BST" duration-ms="1" status="PASS">
          <reporter-output>
          </reporter-output>
        </test-method> <!-- postCondition -->
      </class> <!-- script.ValidLogin -->
    </test> <!-- Test -->
  </suite> <!-- Suite -->
</testng-results>
